0 info it worked if it ends with ok
1 verbose cli [ '/Users/weineel/.nvm/versions/node/v6.9.5/bin/node',
1 verbose cli   '/Users/weineel/.nvm/versions/node/v6.9.5/bin/npm',
1 verbose cli   '--registry=https://registry.npm.taobao.org',
1 verbose cli   '--cache=/Users/weineel/.npm/.cache/cnpm',
1 verbose cli   '--disturl=https://npm.taobao.org/dist',
1 verbose cli   '--userconfig=/Users/weineel/.cnpmrc',
1 verbose cli   'start' ]
2 info using npm@3.10.10
3 info using node@v6.9.5
4 verbose run-script [ 'prestart', 'start', 'poststart' ]
5 info lifecycle gittest@1.0.0~prestart: gittest@1.0.0
6 silly lifecycle gittest@1.0.0~prestart: no script for prestart, continuing
7 info lifecycle gittest@1.0.0~start: gittest@1.0.0
8 verbose lifecycle gittest@1.0.0~start: unsafe-perm in lifecycle true
9 verbose lifecycle gittest@1.0.0~start: PATH: /Users/weineel/.nvm/versions/node/v6.9.5/lib/node_modules/npm/bin/node-gyp-bin:/Users/weineel/project/sourcetree/gitTest/node_modules/.bin:/Users/weineel/.nvm/versions/node/v6.9.5/bin:/usr/local/bin:/usr/bin:/bin:/usr/sbin:/sbin
10 verbose lifecycle gittest@1.0.0~start: CWD: /Users/weineel/project/sourcetree/gitTest
11 silly lifecycle gittest@1.0.0~start: Args: [ '-c', 'node index.js' ]
12 silly lifecycle gittest@1.0.0~start: Returned: code: 1  signal: null
13 info lifecycle gittest@1.0.0~start: Failed to exec start script
14 verbose stack Error: gittest@1.0.0 start: `node index.js`
14 verbose stack Exit status 1
14 verbose stack     at EventEmitter.<anonymous> (/Users/weineel/.nvm/versions/node/v6.9.5/lib/node_modules/npm/lib/utils/lifecycle.js:255:16)
14 verbose stack     at emitTwo (events.js:106:13)
14 verbose stack     at EventEmitter.emit (events.js:191:7)
14 verbose stack     at ChildProcess.<anonymous> (/Users/weineel/.nvm/versions/node/v6.9.5/lib/node_modules/npm/lib/utils/spawn.js:40:14)
14 verbose stack     at emitTwo (events.js:106:13)
14 verbose stack     at ChildProcess.emit (events.js:191:7)
14 verbose stack     at maybeClose (internal/child_process.js:877:16)
14 verbose stack     at Process.ChildProcess._handle.onexit (internal/child_process.js:226:5)
15 verbose pkgid gittest@1.0.0
16 verbose cwd /Users/weineel/project/sourcetree/gitTest
17 error Darwin 16.3.0
18 error argv "/Users/weineel/.nvm/versions/node/v6.9.5/bin/node" "/Users/weineel/.nvm/versions/node/v6.9.5/bin/npm" "--registry=https://registry.npm.taobao.org" "--cache=/Users/weineel/.npm/.cache/cnpm" "--disturl=https://npm.taobao.org/dist" "--userconfig=/Users/weineel/.cnpmrc" "start"
19 error node v6.9.5
20 error npm  v3.10.10
21 error code ELIFECYCLE
22 error gittest@1.0.0 start: `node index.js`
22 error Exit status 1
23 error Failed at the gittest@1.0.0 start script 'node index.js'.
23 error Make sure you have the latest version of node.js and npm installed.
23 error If you do, this is most likely a problem with the gittest package,
23 error not with npm itself.
23 error Tell the author that this fails on your system:
23 error     node index.js
23 error You can get information on how to open an issue for this project with:
23 error     npm bugs gittest
23 error Or if that isn't available, you can get their info via:
23 error     npm owner ls gittest
23 error There is likely additional logging output above.
24 verbose exit [ 1, true ]
